Calling target program-options parser
[02:00:03.388] [bmv2] [D] [thread 5123] Set default default entry for table 'tbl_ids214': ids214 - 
[02:00:03.388] [bmv2] [D] [thread 5123] Set default default entry for table 'tbl_ids218': ids218 - 
[02:00:03.388] [bmv2] [D] [thread 5123] Set default default entry for table 'tbl_ids221': ids221 - 
[02:00:03.388] [bmv2] [D] [thread 5123] Set default default entry for table 'tbl_compute_hashes': IDS_Ingress.compute_hashes - 
[02:00:03.388] [bmv2] [D] [thread 5123] Set default default entry for table 'IDS_Ingress.flows': IDS_Ingress.get_flow_status - 
[02:00:03.388] [bmv2] [D] [thread 5123] Set default default entry for table 'IDS_Ingress.signatures': NoAction - 
[02:00:03.388] [bmv2] [D] [thread 5123] Set default default entry for table 'tbl_increment_counter': IDS_Ingress.increment_counter - 
[02:00:03.388] [bmv2] [D] [thread 5123] Set default default entry for table 'IDS_Ingress.ipv4_lpm': NoAction - 
[02:00:03.388] [bmv2] [D] [thread 5123] Set default default entry for table 'tbl_increment_counter_0': IDS_Ingress.increment_counter - 
Adding interface s2-eth1 as port 1
[02:00:03.392] [bmv2] [D] [thread 5123] Adding interface s2-eth1 as port 1
Adding interface s2-eth2 as port 2
[02:00:03.424] [bmv2] [D] [thread 5123] Adding interface s2-eth2 as port 2
[02:00:03.457] [bmv2] [I] [thread 5123] Starting Thrift server on port 9091
[02:00:03.458] [bmv2] [I] [thread 5123] Thrift server was started
[02:00:04.384] [bmv2] [T] [thread 5221] bm_get_config
[02:00:04.387] [bmv2] [T] [thread 5221] bm_set_default_action
[02:00:04.387] [bmv2] [D] [thread 5221] Set default entry for table 'IDS_Ingress.ipv4_lpm': IDS_Ingress.drop - 
[02:00:04.388] [bmv2] [T] [thread 5221] bm_table_add_entry
[02:00:04.388] [bmv2] [D] [thread 5221] Entry 0 added to table 'IDS_Ingress.ipv4_lpm'
[02:00:04.388] [bmv2] [D] [thread 5221] Dumping entry 0
Match key:
* hdr.ipv4.dstAddr    : LPM       0a000202/32
Action entry: IDS_Ingress.ipv4_forward - a000202,1,

[02:00:04.389] [bmv2] [T] [thread 5221] bm_table_add_entry
[02:00:04.389] [bmv2] [D] [thread 5221] Entry 1 added to table 'IDS_Ingress.ipv4_lpm'
[02:00:04.389] [bmv2] [D] [thread 5221] Dumping entry 1
Match key:
* hdr.ipv4.dstAddr    : LPM       0a000000/16
Action entry: IDS_Ingress.ipv4_forward - 10200,2,

[02:03:24.902] [bmv2] [D] [thread 5129] [0.0] [cxt 0] Processing packet received on port 2
[02:03:24.902] [bmv2] [D] [thread 5129] [0.0] [cxt 0] Parser 'parser': start
[02:03:24.902] [bmv2] [D] [thread 5129] [0.0] [cxt 0] Parser 'parser' entering state 'start'
[02:03:24.902] [bmv2] [D] [thread 5129] [0.0] [cxt 0] Extracting header 'ethernet'
[02:03:24.902] [bmv2] [D] [thread 5129] [0.0] [cxt 0] Parser state 'start': key is 0800
[02:03:24.902] [bmv2] [T] [thread 5129] [0.0] [cxt 0] Bytes parsed: 14
[02:03:24.903] [bmv2] [D] [thread 5129] [0.0] [cxt 0] Parser 'parser' entering state 'ipv4'
[02:03:24.903] [bmv2] [D] [thread 5129] [0.0] [cxt 0] Extracting header 'ipv4'
[02:03:24.903] [bmv2] [D] [thread 5129] [0.0] [cxt 0] Parser state 'ipv4': key is 06
[02:03:24.903] [bmv2] [T] [thread 5129] [0.0] [cxt 0] Bytes parsed: 34
[02:03:24.903] [bmv2] [D] [thread 5129] [0.0] [cxt 0] Parser 'parser' entering state 'tcp'
[02:03:24.903] [bmv2] [D] [thread 5129] [0.0] [cxt 0] Extracting header 'tcp'
[02:03:24.903] [bmv2] [D] [thread 5129] [0.0] [cxt 0] Parser state 'tcp' has no switch, going to default next state
[02:03:24.903] [bmv2] [T] [thread 5129] [0.0] [cxt 0] Bytes parsed: 54
[02:03:24.903] [bmv2] [D] [thread 5129] [0.0] [cxt 0] Parser 'parser' entering state 'payload'
[02:03:24.903] [bmv2] [D] [thread 5129] [0.0] [cxt 0] Extracting header 'payload'
[02:03:24.903] [bmv2] [D] [thread 5129] [0.0] [cxt 0] Parser state 'payload' has no switch, going to default next state
[02:03:24.903] [bmv2] [T] [thread 5129] [0.0] [cxt 0] Bytes parsed: 58
[02:03:24.903] [bmv2] [D] [thread 5129] [0.0] [cxt 0] Parser 'parser': end
[02:03:24.903] [bmv2] [D] [thread 5129] [0.0] [cxt 0] Pipeline 'ingress': start
[02:03:24.903] [bmv2] [T] [thread 5129] [0.0] [cxt 0] /home/p4/Intrusion-Detection-System/p4src/ids.p4(213) Condition "hdr.ipv4.isValid()" (node_2) is true
[02:03:24.903] [bmv2] [T] [thread 5129] [0.0] [cxt 0] Applying table 'tbl_ids214'
[02:03:24.903] [bmv2] [D] [thread 5129] [0.0] [cxt 0] Looking up key:

[02:03:24.903] [bmv2] [D] [thread 5129] [0.0] [cxt 0] Table 'tbl_ids214': miss
[02:03:24.903] [bmv2] [D] [thread 5129] [0.0] [cxt 0] Action entry is ids214 - 
[02:03:24.903] [bmv2] [T] [thread 5129] [0.0] [cxt 0] Action ids214
[02:03:24.903] [bmv2] [T] [thread 5129] [0.0] [cxt 0] /home/p4/Intrusion-Detection-System/p4src/ids.p4(214) Primitive bit<16> src_port = 0
[02:03:24.903] [bmv2] [T] [thread 5129] [0.0] [cxt 0] /home/p4/Intrusion-Detection-System/p4src/ids.p4(215) Primitive bit<16> dst_port = 0
[02:03:24.903] [bmv2] [T] [thread 5129] [0.0] [cxt 0] /home/p4/Intrusion-Detection-System/p4src/ids.p4(217) Condition "hdr.tcp.isValid()" (node_4) is true
[02:03:24.903] [bmv2] [T] [thread 5129] [0.0] [cxt 0] Applying table 'tbl_ids218'
[02:03:24.903] [bmv2] [D] [thread 5129] [0.0] [cxt 0] Looking up key:

[02:03:24.903] [bmv2] [D] [thread 5129] [0.0] [cxt 0] Table 'tbl_ids218': miss
[02:03:24.903] [bmv2] [D] [thread 5129] [0.0] [cxt 0] Action entry is ids218 - 
[02:03:24.903] [bmv2] [T] [thread 5129] [0.0] [cxt 0] Action ids218
[02:03:24.903] [bmv2] [T] [thread 5129] [0.0] [cxt 0] /home/p4/Intrusion-Detection-System/p4src/ids.p4(218) Primitive src_port = hdr.tcp.srcPort
[02:03:24.903] [bmv2] [T] [thread 5129] [0.0] [cxt 0] /home/p4/Intrusion-Detection-System/p4src/ids.p4(219) Primitive dst_port = hdr.tcp.dstPort
[02:03:24.903] [bmv2] [T] [thread 5129] [0.0] [cxt 0] Applying table 'tbl_compute_hashes'
[02:03:24.903] [bmv2] [D] [thread 5129] [0.0] [cxt 0] Looking up key:

[02:03:24.903] [bmv2] [D] [thread 5129] [0.0] [cxt 0] Table 'tbl_compute_hashes': miss
[02:03:24.903] [bmv2] [D] [thread 5129] [0.0] [cxt 0] Action entry is IDS_Ingress.compute_hashes - 
[02:03:24.903] [bmv2] [T] [thread 5129] [0.0] [cxt 0] Action IDS_Ingress.compute_hashes
[02:03:24.903] [bmv2] [T] [thread 5129] [0.0] [cxt 0] /home/p4/Intrusion-Detection-System/p4src/ids.p4(174) Primitive ipAddr1
[02:03:24.903] [bmv2] [T] [thread 5129] [0.0] [cxt 0] /home/p4/Intrusion-Detection-System/p4src/ids.p4(174) Primitive ipAddr2
[02:03:24.903] [bmv2] [T] [thread 5129] [0.0] [cxt 0] /home/p4/Intrusion-Detection-System/p4src/ids.p4(174) Primitive port1
[02:03:24.903] [bmv2] [T] [thread 5129] [0.0] [cxt 0] /home/p4/Intrusion-Detection-System/p4src/ids.p4(174) Primitive port2
[02:03:24.903] [bmv2] [T] [thread 5129] [0.0] [cxt 0] /home/p4/Intrusion-Detection-System/p4src/ids.p4(174) Primitive protocol
[02:03:24.903] [bmv2] [T] [thread 5129] [0.0] [cxt 0] /home/p4/Intrusion-Detection-System/p4src/ids.p4(173) Primitive hash(hashed_val, HashAlgorithm.crc32, (bit<16>)0, ...
[02:03:24.903] [bmv2] [T] [thread 5129] [0.0] [cxt 0] hash(base=0, max=4096) = 1216
[02:03:24.903] [bmv2] [T] [thread 5129] [0.0] [cxt 0] Applying table 'IDS_Ingress.flows'
[02:03:24.903] [bmv2] [D] [thread 5129] [0.0] [cxt 0] Looking up key:

[02:03:24.903] [bmv2] [D] [thread 5129] [0.0] [cxt 0] Table 'IDS_Ingress.flows': miss
[02:03:24.903] [bmv2] [D] [thread 5129] [0.0] [cxt 0] Action entry is IDS_Ingress.get_flow_status - 
[02:03:24.903] [bmv2] [T] [thread 5129] [0.0] [cxt 0] Action IDS_Ingress.get_flow_status
[02:03:24.903] [bmv2] [T] [thread 5129] [0.0] [cxt 0] /home/p4/Intrusion-Detection-System/p4src/ids.p4(169) Primitive blocked_flows.read(current_flow, hashed_val)
[02:03:24.903] [bmv2] [T] [thread 5129] [0.0] [cxt 0] Read register 'IDS_Ingress.blocked_flows' at index 1216 read value 0
[02:03:24.903] [bmv2] [T] [thread 5129] [0.0] [cxt 0] /home/p4/Intrusion-Detection-System/p4src/ids.p4(228) Condition "current_flow == 0" (node_10) is true
[02:03:24.903] [bmv2] [T] [thread 5129] [0.0] [cxt 0] Applying table 'IDS_Ingress.signatures'
[02:03:24.903] [bmv2] [D] [thread 5129] [0.0] [cxt 0] Looking up key:
* hdr.payload.data    : 04040404

[02:03:24.903] [bmv2] [D] [thread 5129] [0.0] [cxt 0] Table 'IDS_Ingress.signatures': miss
[02:03:24.903] [bmv2] [D] [thread 5129] [0.0] [cxt 0] Action entry is NoAction - 
[02:03:24.903] [bmv2] [T] [thread 5129] [0.0] [cxt 0] Action NoAction
[02:03:24.903] [bmv2] [T] [thread 5129] [0.0] [cxt 0] Applying table 'IDS_Ingress.ipv4_lpm'
[02:03:24.903] [bmv2] [D] [thread 5129] [0.0] [cxt 0] Looking up key:
* hdr.ipv4.dstAddr    : 0a000202

[02:03:24.903] [bmv2] [D] [thread 5129] [0.0] [cxt 0] Table 'IDS_Ingress.ipv4_lpm': hit with handle 0
[02:03:24.903] [bmv2] [D] [thread 5129] [0.0] [cxt 0] Dumping entry 0
Match key:
* hdr.ipv4.dstAddr    : LPM       0a000202/32
Action entry: IDS_Ingress.ipv4_forward - a000202,1,

[02:03:24.903] [bmv2] [D] [thread 5129] [0.0] [cxt 0] Action entry is IDS_Ingress.ipv4_forward - a000202,1,
[02:03:24.903] [bmv2] [T] [thread 5129] [0.0] [cxt 0] Action IDS_Ingress.ipv4_forward
[02:03:24.903] [bmv2] [T] [thread 5129] [0.0] [cxt 0] /home/p4/Intrusion-Detection-System/p4src/ids.p4(179) Primitive hdr.ethernet.srcAddr = hdr.ethernet.dstAddr
[02:03:24.903] [bmv2] [T] [thread 5129] [0.0] [cxt 0] /home/p4/Intrusion-Detection-System/p4src/ids.p4(180) Primitive hdr.ethernet.dstAddr = dstAddr
[02:03:24.903] [bmv2] [T] [thread 5129] [0.0] [cxt 0] /home/p4/Intrusion-Detection-System/p4src/ids.p4(181) Primitive standard_metadata.egress_spec = port
[02:03:24.903] [bmv2] [T] [thread 5129] [0.0] [cxt 0] /home/p4/Intrusion-Detection-System/p4src/ids.p4(182) Primitive hdr.ipv4.ttl = hdr.ipv4.ttl -1
[02:03:24.903] [bmv2] [D] [thread 5129] [0.0] [cxt 0] Pipeline 'ingress': end
[02:03:24.903] [bmv2] [D] [thread 5129] [0.0] [cxt 0] Egress port is 1
[02:03:24.903] [bmv2] [D] [thread 5131] [0.0] [cxt 0] Pipeline 'egress': start
[02:03:24.903] [bmv2] [D] [thread 5131] [0.0] [cxt 0] Pipeline 'egress': end
[02:03:24.903] [bmv2] [D] [thread 5131] [0.0] [cxt 0] Deparser 'deparser': start
[02:03:24.903] [bmv2] [D] [thread 5131] [0.0] [cxt 0] Updating checksum 'cksum'
[02:03:24.904] [bmv2] [D] [thread 5131] [0.0] [cxt 0] Deparsing header 'ethernet'
[02:03:24.904] [bmv2] [D] [thread 5131] [0.0] [cxt 0] Deparsing header 'ipv4'
[02:03:24.904] [bmv2] [D] [thread 5131] [0.0] [cxt 0] Deparsing header 'tcp'
[02:03:24.904] [bmv2] [D] [thread 5131] [0.0] [cxt 0] Deparsing header 'payload'
[02:03:24.904] [bmv2] [D] [thread 5131] [0.0] [cxt 0] Deparser 'deparser': end
[02:03:24.904] [bmv2] [D] [thread 5134] [0.0] [cxt 0] Transmitting packet of size 58 out of port 1
[02:03:24.904] [bmv2] [D] [thread 5129] [1.0] [cxt 0] Processing packet received on port 1
[02:03:24.904] [bmv2] [D] [thread 5129] [1.0] [cxt 0] Parser 'parser': start
[02:03:24.904] [bmv2] [D] [thread 5129] [1.0] [cxt 0] Parser 'parser' entering state 'start'
[02:03:24.904] [bmv2] [D] [thread 5129] [1.0] [cxt 0] Extracting header 'ethernet'
[02:03:24.904] [bmv2] [D] [thread 5129] [1.0] [cxt 0] Parser state 'start': key is 0800
[02:03:24.904] [bmv2] [T] [thread 5129] [1.0] [cxt 0] Bytes parsed: 14
[02:03:24.904] [bmv2] [D] [thread 5129] [1.0] [cxt 0] Parser 'parser' entering state 'ipv4'
[02:03:24.904] [bmv2] [D] [thread 5129] [1.0] [cxt 0] Extracting header 'ipv4'
[02:03:24.904] [bmv2] [D] [thread 5129] [1.0] [cxt 0] Parser state 'ipv4': key is 06
[02:03:24.904] [bmv2] [T] [thread 5129] [1.0] [cxt 0] Bytes parsed: 34
[02:03:24.904] [bmv2] [D] [thread 5129] [1.0] [cxt 0] Parser 'parser' entering state 'tcp'
[02:03:24.904] [bmv2] [D] [thread 5129] [1.0] [cxt 0] Extracting header 'tcp'
[02:03:24.904] [bmv2] [D] [thread 5129] [1.0] [cxt 0] Parser state 'tcp' has no switch, going to default next state
[02:03:24.904] [bmv2] [T] [thread 5129] [1.0] [cxt 0] Bytes parsed: 54
[02:03:24.904] [bmv2] [D] [thread 5129] [1.0] [cxt 0] Parser 'parser' entering state 'payload'
[02:03:24.904] [bmv2] [D] [thread 5129] [1.0] [cxt 0] Extracting header 'payload'
[02:03:24.907] [bmv2] [E] [thread 5129] [1.0] [cxt 0] Exception while parsing: PacketTooShort
[02:03:24.907] [bmv2] [D] [thread 5129] [1.0] [cxt 0] Parser 'parser': end
[02:03:24.907] [bmv2] [D] [thread 5129] [1.0] [cxt 0] Pipeline 'ingress': start
[02:03:24.907] [bmv2] [T] [thread 5129] [1.0] [cxt 0] /home/p4/Intrusion-Detection-System/p4src/ids.p4(213) Condition "hdr.ipv4.isValid()" (node_2) is true
[02:03:24.907] [bmv2] [T] [thread 5129] [1.0] [cxt 0] Applying table 'tbl_ids214'
[02:03:24.907] [bmv2] [D] [thread 5129] [1.0] [cxt 0] Looking up key:

[02:03:24.907] [bmv2] [D] [thread 5129] [1.0] [cxt 0] Table 'tbl_ids214': miss
[02:03:24.907] [bmv2] [D] [thread 5129] [1.0] [cxt 0] Action entry is ids214 - 
[02:03:24.907] [bmv2] [T] [thread 5129] [1.0] [cxt 0] Action ids214
[02:03:24.907] [bmv2] [T] [thread 5129] [1.0] [cxt 0] /home/p4/Intrusion-Detection-System/p4src/ids.p4(214) Primitive bit<16> src_port = 0
[02:03:24.907] [bmv2] [T] [thread 5129] [1.0] [cxt 0] /home/p4/Intrusion-Detection-System/p4src/ids.p4(215) Primitive bit<16> dst_port = 0
[02:03:24.907] [bmv2] [T] [thread 5129] [1.0] [cxt 0] /home/p4/Intrusion-Detection-System/p4src/ids.p4(217) Condition "hdr.tcp.isValid()" (node_4) is true
[02:03:24.907] [bmv2] [T] [thread 5129] [1.0] [cxt 0] Applying table 'tbl_ids218'
[02:03:24.907] [bmv2] [D] [thread 5129] [1.0] [cxt 0] Looking up key:

[02:03:24.907] [bmv2] [D] [thread 5129] [1.0] [cxt 0] Table 'tbl_ids218': miss
[02:03:24.907] [bmv2] [D] [thread 5129] [1.0] [cxt 0] Action entry is ids218 - 
[02:03:24.907] [bmv2] [T] [thread 5129] [1.0] [cxt 0] Action ids218
[02:03:24.907] [bmv2] [T] [thread 5129] [1.0] [cxt 0] /home/p4/Intrusion-Detection-System/p4src/ids.p4(218) Primitive src_port = hdr.tcp.srcPort
[02:03:24.907] [bmv2] [T] [thread 5129] [1.0] [cxt 0] /home/p4/Intrusion-Detection-System/p4src/ids.p4(219) Primitive dst_port = hdr.tcp.dstPort
[02:03:24.907] [bmv2] [T] [thread 5129] [1.0] [cxt 0] Applying table 'tbl_compute_hashes'
[02:03:24.907] [bmv2] [D] [thread 5129] [1.0] [cxt 0] Looking up key:

[02:03:24.907] [bmv2] [D] [thread 5129] [1.0] [cxt 0] Table 'tbl_compute_hashes': miss
[02:03:24.907] [bmv2] [D] [thread 5129] [1.0] [cxt 0] Action entry is IDS_Ingress.compute_hashes - 
[02:03:24.907] [bmv2] [T] [thread 5129] [1.0] [cxt 0] Action IDS_Ingress.compute_hashes
[02:03:24.907] [bmv2] [T] [thread 5129] [1.0] [cxt 0] /home/p4/Intrusion-Detection-System/p4src/ids.p4(174) Primitive ipAddr1
[02:03:24.907] [bmv2] [T] [thread 5129] [1.0] [cxt 0] /home/p4/Intrusion-Detection-System/p4src/ids.p4(174) Primitive ipAddr2
[02:03:24.907] [bmv2] [T] [thread 5129] [1.0] [cxt 0] /home/p4/Intrusion-Detection-System/p4src/ids.p4(174) Primitive port1
[02:03:24.907] [bmv2] [T] [thread 5129] [1.0] [cxt 0] /home/p4/Intrusion-Detection-System/p4src/ids.p4(174) Primitive port2
[02:03:24.907] [bmv2] [T] [thread 5129] [1.0] [cxt 0] /home/p4/Intrusion-Detection-System/p4src/ids.p4(174) Primitive protocol
[02:03:24.907] [bmv2] [T] [thread 5129] [1.0] [cxt 0] /home/p4/Intrusion-Detection-System/p4src/ids.p4(173) Primitive hash(hashed_val, HashAlgorithm.crc32, (bit<16>)0, ...
[02:03:24.907] [bmv2] [T] [thread 5129] [1.0] [cxt 0] hash(base=0, max=4096) = 2912
[02:03:24.907] [bmv2] [T] [thread 5129] [1.0] [cxt 0] Applying table 'IDS_Ingress.flows'
[02:03:24.907] [bmv2] [D] [thread 5129] [1.0] [cxt 0] Looking up key:

[02:03:24.907] [bmv2] [D] [thread 5129] [1.0] [cxt 0] Table 'IDS_Ingress.flows': miss
[02:03:24.907] [bmv2] [D] [thread 5129] [1.0] [cxt 0] Action entry is IDS_Ingress.get_flow_status - 
[02:03:24.907] [bmv2] [T] [thread 5129] [1.0] [cxt 0] Action IDS_Ingress.get_flow_status
[02:03:24.907] [bmv2] [T] [thread 5129] [1.0] [cxt 0] /home/p4/Intrusion-Detection-System/p4src/ids.p4(169) Primitive blocked_flows.read(current_flow, hashed_val)
[02:03:24.907] [bmv2] [T] [thread 5129] [1.0] [cxt 0] Read register 'IDS_Ingress.blocked_flows' at index 2912 read value 0
[02:03:24.907] [bmv2] [T] [thread 5129] [1.0] [cxt 0] /home/p4/Intrusion-Detection-System/p4src/ids.p4(228) Condition "current_flow == 0" (node_10) is true
[02:03:24.907] [bmv2] [T] [thread 5129] [1.0] [cxt 0] Applying table 'IDS_Ingress.signatures'
[02:03:24.907] [bmv2] [D] [thread 5129] [1.0] [cxt 0] Looking up key:
* hdr.payload.data    : 00000000

[02:03:24.907] [bmv2] [D] [thread 5129] [1.0] [cxt 0] Table 'IDS_Ingress.signatures': miss
[02:03:24.907] [bmv2] [D] [thread 5129] [1.0] [cxt 0] Action entry is NoAction - 
[02:03:24.907] [bmv2] [T] [thread 5129] [1.0] [cxt 0] Action NoAction
[02:03:24.907] [bmv2] [T] [thread 5129] [1.0] [cxt 0] Applying table 'IDS_Ingress.ipv4_lpm'
[02:03:24.907] [bmv2] [D] [thread 5129] [1.0] [cxt 0] Looking up key:
* hdr.ipv4.dstAddr    : 0a000101

[02:03:24.907] [bmv2] [D] [thread 5129] [1.0] [cxt 0] Table 'IDS_Ingress.ipv4_lpm': hit with handle 1
[02:03:24.907] [bmv2] [D] [thread 5129] [1.0] [cxt 0] Dumping entry 1
Match key:
* hdr.ipv4.dstAddr    : LPM       0a000000/16
Action entry: IDS_Ingress.ipv4_forward - 10200,2,

[02:03:24.907] [bmv2] [D] [thread 5129] [1.0] [cxt 0] Action entry is IDS_Ingress.ipv4_forward - 10200,2,
[02:03:24.907] [bmv2] [T] [thread 5129] [1.0] [cxt 0] Action IDS_Ingress.ipv4_forward
[02:03:24.907] [bmv2] [T] [thread 5129] [1.0] [cxt 0] /home/p4/Intrusion-Detection-System/p4src/ids.p4(179) Primitive hdr.ethernet.srcAddr = hdr.ethernet.dstAddr
[02:03:24.907] [bmv2] [T] [thread 5129] [1.0] [cxt 0] /home/p4/Intrusion-Detection-System/p4src/ids.p4(180) Primitive hdr.ethernet.dstAddr = dstAddr
[02:03:24.907] [bmv2] [T] [thread 5129] [1.0] [cxt 0] /home/p4/Intrusion-Detection-System/p4src/ids.p4(181) Primitive standard_metadata.egress_spec = port
[02:03:24.907] [bmv2] [T] [thread 5129] [1.0] [cxt 0] /home/p4/Intrusion-Detection-System/p4src/ids.p4(182) Primitive hdr.ipv4.ttl = hdr.ipv4.ttl -1
[02:03:24.907] [bmv2] [D] [thread 5129] [1.0] [cxt 0] Pipeline 'ingress': end
[02:03:24.907] [bmv2] [D] [thread 5129] [1.0] [cxt 0] Egress port is 2
[02:03:24.908] [bmv2] [D] [thread 5132] [1.0] [cxt 0] Pipeline 'egress': start
[02:03:24.908] [bmv2] [D] [thread 5132] [1.0] [cxt 0] Pipeline 'egress': end
[02:03:24.908] [bmv2] [D] [thread 5132] [1.0] [cxt 0] Deparser 'deparser': start
[02:03:24.908] [bmv2] [D] [thread 5132] [1.0] [cxt 0] Updating checksum 'cksum'
[02:03:24.908] [bmv2] [D] [thread 5132] [1.0] [cxt 0] Deparsing header 'ethernet'
[02:03:24.908] [bmv2] [D] [thread 5132] [1.0] [cxt 0] Deparsing header 'ipv4'
[02:03:24.908] [bmv2] [D] [thread 5132] [1.0] [cxt 0] Deparsing header 'tcp'
[02:03:24.908] [bmv2] [D] [thread 5132] [1.0] [cxt 0] Deparser 'deparser': end
[02:03:24.908] [bmv2] [D] [thread 5134] [1.0] [cxt 0] Transmitting packet of size 54 out of port 2
[02:03:25.817] [bmv2] [D] [thread 5129] [2.0] [cxt 0] Processing packet received on port 2
[02:03:25.817] [bmv2] [D] [thread 5129] [2.0] [cxt 0] Parser 'parser': start
[02:03:25.817] [bmv2] [D] [thread 5129] [2.0] [cxt 0] Parser 'parser' entering state 'start'
[02:03:25.817] [bmv2] [D] [thread 5129] [2.0] [cxt 0] Extracting header 'ethernet'
[02:03:25.817] [bmv2] [D] [thread 5129] [2.0] [cxt 0] Parser state 'start': key is 0800
[02:03:25.817] [bmv2] [T] [thread 5129] [2.0] [cxt 0] Bytes parsed: 14
[02:03:25.817] [bmv2] [D] [thread 5129] [2.0] [cxt 0] Parser 'parser' entering state 'ipv4'
[02:03:25.817] [bmv2] [D] [thread 5129] [2.0] [cxt 0] Extracting header 'ipv4'
[02:03:25.817] [bmv2] [D] [thread 5129] [2.0] [cxt 0] Parser state 'ipv4': key is 11
[02:03:25.817] [bmv2] [T] [thread 5129] [2.0] [cxt 0] Bytes parsed: 34
[02:03:25.817] [bmv2] [D] [thread 5129] [2.0] [cxt 0] Parser 'parser' entering state 'udp'
[02:03:25.817] [bmv2] [D] [thread 5129] [2.0] [cxt 0] Extracting header 'udp'
[02:03:25.817] [bmv2] [D] [thread 5129] [2.0] [cxt 0] Parser state 'udp' has no switch, going to default next state
[02:03:25.817] [bmv2] [T] [thread 5129] [2.0] [cxt 0] Bytes parsed: 42
[02:03:25.817] [bmv2] [D] [thread 5129] [2.0] [cxt 0] Parser 'parser' entering state 'payload'
[02:03:25.817] [bmv2] [D] [thread 5129] [2.0] [cxt 0] Extracting header 'payload'
[02:03:25.817] [bmv2] [D] [thread 5129] [2.0] [cxt 0] Parser state 'payload' has no switch, going to default next state
[02:03:25.817] [bmv2] [T] [thread 5129] [2.0] [cxt 0] Bytes parsed: 46
[02:03:25.817] [bmv2] [D] [thread 5129] [2.0] [cxt 0] Parser 'parser': end
[02:03:25.817] [bmv2] [D] [thread 5129] [2.0] [cxt 0] Pipeline 'ingress': start
[02:03:25.817] [bmv2] [T] [thread 5129] [2.0] [cxt 0] /home/p4/Intrusion-Detection-System/p4src/ids.p4(213) Condition "hdr.ipv4.isValid()" (node_2) is true
[02:03:25.817] [bmv2] [T] [thread 5129] [2.0] [cxt 0] Applying table 'tbl_ids214'
[02:03:25.817] [bmv2] [D] [thread 5129] [2.0] [cxt 0] Looking up key:

[02:03:25.817] [bmv2] [D] [thread 5129] [2.0] [cxt 0] Table 'tbl_ids214': miss
[02:03:25.817] [bmv2] [D] [thread 5129] [2.0] [cxt 0] Action entry is ids214 - 
[02:03:25.817] [bmv2] [T] [thread 5129] [2.0] [cxt 0] Action ids214
[02:03:25.817] [bmv2] [T] [thread 5129] [2.0] [cxt 0] /home/p4/Intrusion-Detection-System/p4src/ids.p4(214) Primitive bit<16> src_port = 0
[02:03:25.817] [bmv2] [T] [thread 5129] [2.0] [cxt 0] /home/p4/Intrusion-Detection-System/p4src/ids.p4(215) Primitive bit<16> dst_port = 0
[02:03:25.817] [bmv2] [T] [thread 5129] [2.0] [cxt 0] /home/p4/Intrusion-Detection-System/p4src/ids.p4(217) Condition "hdr.tcp.isValid()" (node_4) is false
[02:03:25.817] [bmv2] [T] [thread 5129] [2.0] [cxt 0] /home/p4/Intrusion-Detection-System/p4src/ids.p4(220) Condition "hdr.udp.isValid()" (node_6) is true
[02:03:25.817] [bmv2] [T] [thread 5129] [2.0] [cxt 0] Applying table 'tbl_ids221'
[02:03:25.817] [bmv2] [D] [thread 5129] [2.0] [cxt 0] Looking up key:

[02:03:25.817] [bmv2] [D] [thread 5129] [2.0] [cxt 0] Table 'tbl_ids221': miss
[02:03:25.817] [bmv2] [D] [thread 5129] [2.0] [cxt 0] Action entry is ids221 - 
[02:03:25.817] [bmv2] [T] [thread 5129] [2.0] [cxt 0] Action ids221
[02:03:25.817] [bmv2] [T] [thread 5129] [2.0] [cxt 0] /home/p4/Intrusion-Detection-System/p4src/ids.p4(221) Primitive src_port = hdr.udp.srcPort
[02:03:25.817] [bmv2] [T] [thread 5129] [2.0] [cxt 0] /home/p4/Intrusion-Detection-System/p4src/ids.p4(222) Primitive dst_port = hdr.udp.dstPort
[02:03:25.817] [bmv2] [T] [thread 5129] [2.0] [cxt 0] Applying table 'tbl_compute_hashes'
[02:03:25.817] [bmv2] [D] [thread 5129] [2.0] [cxt 0] Looking up key:

[02:03:25.817] [bmv2] [D] [thread 5129] [2.0] [cxt 0] Table 'tbl_compute_hashes': miss
[02:03:25.817] [bmv2] [D] [thread 5129] [2.0] [cxt 0] Action entry is IDS_Ingress.compute_hashes - 
[02:03:25.817] [bmv2] [T] [thread 5129] [2.0] [cxt 0] Action IDS_Ingress.compute_hashes
[02:03:25.817] [bmv2] [T] [thread 5129] [2.0] [cxt 0] /home/p4/Intrusion-Detection-System/p4src/ids.p4(174) Primitive ipAddr1
[02:03:25.817] [bmv2] [T] [thread 5129] [2.0] [cxt 0] /home/p4/Intrusion-Detection-System/p4src/ids.p4(174) Primitive ipAddr2
[02:03:25.817] [bmv2] [T] [thread 5129] [2.0] [cxt 0] /home/p4/Intrusion-Detection-System/p4src/ids.p4(174) Primitive port1
[02:03:25.817] [bmv2] [T] [thread 5129] [2.0] [cxt 0] /home/p4/Intrusion-Detection-System/p4src/ids.p4(174) Primitive port2
[02:03:25.817] [bmv2] [T] [thread 5129] [2.0] [cxt 0] /home/p4/Intrusion-Detection-System/p4src/ids.p4(174) Primitive protocol
[02:03:25.817] [bmv2] [T] [thread 5129] [2.0] [cxt 0] /home/p4/Intrusion-Detection-System/p4src/ids.p4(173) Primitive hash(hashed_val, HashAlgorithm.crc32, (bit<16>)0, ...
[02:03:25.817] [bmv2] [T] [thread 5129] [2.0] [cxt 0] hash(base=0, max=4096) = 1596
[02:03:25.817] [bmv2] [T] [thread 5129] [2.0] [cxt 0] Applying table 'IDS_Ingress.flows'
[02:03:25.817] [bmv2] [D] [thread 5129] [2.0] [cxt 0] Looking up key:

[02:03:25.817] [bmv2] [D] [thread 5129] [2.0] [cxt 0] Table 'IDS_Ingress.flows': miss
[02:03:25.817] [bmv2] [D] [thread 5129] [2.0] [cxt 0] Action entry is IDS_Ingress.get_flow_status - 
[02:03:25.817] [bmv2] [T] [thread 5129] [2.0] [cxt 0] Action IDS_Ingress.get_flow_status
[02:03:25.817] [bmv2] [T] [thread 5129] [2.0] [cxt 0] /home/p4/Intrusion-Detection-System/p4src/ids.p4(169) Primitive blocked_flows.read(current_flow, hashed_val)
[02:03:25.817] [bmv2] [T] [thread 5129] [2.0] [cxt 0] Read register 'IDS_Ingress.blocked_flows' at index 1596 read value 0
[02:03:25.817] [bmv2] [T] [thread 5129] [2.0] [cxt 0] /home/p4/Intrusion-Detection-System/p4src/ids.p4(228) Condition "current_flow == 0" (node_10) is true
[02:03:25.817] [bmv2] [T] [thread 5129] [2.0] [cxt 0] Applying table 'IDS_Ingress.signatures'
[02:03:25.817] [bmv2] [D] [thread 5129] [2.0] [cxt 0] Looking up key:
* hdr.payload.data    : 04040404

[02:03:25.817] [bmv2] [D] [thread 5129] [2.0] [cxt 0] Table 'IDS_Ingress.signatures': miss
[02:03:25.817] [bmv2] [D] [thread 5129] [2.0] [cxt 0] Action entry is NoAction - 
[02:03:25.817] [bmv2] [T] [thread 5129] [2.0] [cxt 0] Action NoAction
[02:03:25.818] [bmv2] [T] [thread 5129] [2.0] [cxt 0] Applying table 'IDS_Ingress.ipv4_lpm'
[02:03:25.818] [bmv2] [D] [thread 5129] [2.0] [cxt 0] Looking up key:
* hdr.ipv4.dstAddr    : 0a000202

[02:03:25.818] [bmv2] [D] [thread 5129] [2.0] [cxt 0] Table 'IDS_Ingress.ipv4_lpm': hit with handle 0
[02:03:25.818] [bmv2] [D] [thread 5129] [2.0] [cxt 0] Dumping entry 0
Match key:
* hdr.ipv4.dstAddr    : LPM       0a000202/32
Action entry: IDS_Ingress.ipv4_forward - a000202,1,

[02:03:25.818] [bmv2] [D] [thread 5129] [2.0] [cxt 0] Action entry is IDS_Ingress.ipv4_forward - a000202,1,
[02:03:25.818] [bmv2] [T] [thread 5129] [2.0] [cxt 0] Action IDS_Ingress.ipv4_forward
[02:03:25.818] [bmv2] [T] [thread 5129] [2.0] [cxt 0] /home/p4/Intrusion-Detection-System/p4src/ids.p4(179) Primitive hdr.ethernet.srcAddr = hdr.ethernet.dstAddr
[02:03:25.818] [bmv2] [T] [thread 5129] [2.0] [cxt 0] /home/p4/Intrusion-Detection-System/p4src/ids.p4(180) Primitive hdr.ethernet.dstAddr = dstAddr
[02:03:25.818] [bmv2] [T] [thread 5129] [2.0] [cxt 0] /home/p4/Intrusion-Detection-System/p4src/ids.p4(181) Primitive standard_metadata.egress_spec = port
[02:03:25.818] [bmv2] [T] [thread 5129] [2.0] [cxt 0] /home/p4/Intrusion-Detection-System/p4src/ids.p4(182) Primitive hdr.ipv4.ttl = hdr.ipv4.ttl -1
[02:03:25.818] [bmv2] [D] [thread 5129] [2.0] [cxt 0] Pipeline 'ingress': end
[02:03:25.818] [bmv2] [D] [thread 5129] [2.0] [cxt 0] Egress port is 1
[02:03:25.818] [bmv2] [D] [thread 5131] [2.0] [cxt 0] Pipeline 'egress': start
[02:03:25.818] [bmv2] [D] [thread 5131] [2.0] [cxt 0] Pipeline 'egress': end
[02:03:25.818] [bmv2] [D] [thread 5131] [2.0] [cxt 0] Deparser 'deparser': start
[02:03:25.818] [bmv2] [D] [thread 5131] [2.0] [cxt 0] Updating checksum 'cksum'
[02:03:25.818] [bmv2] [D] [thread 5131] [2.0] [cxt 0] Deparsing header 'ethernet'
[02:03:25.818] [bmv2] [D] [thread 5131] [2.0] [cxt 0] Deparsing header 'ipv4'
[02:03:25.818] [bmv2] [D] [thread 5131] [2.0] [cxt 0] Deparsing header 'udp'
[02:03:25.818] [bmv2] [D] [thread 5131] [2.0] [cxt 0] Deparsing header 'payload'
[02:03:25.818] [bmv2] [D] [thread 5131] [2.0] [cxt 0] Deparser 'deparser': end
[02:03:25.819] [bmv2] [D] [thread 5134] [2.0] [cxt 0] Transmitting packet of size 46 out of port 1
[02:03:25.822] [bmv2] [D] [thread 5129] [3.0] [cxt 0] Processing packet received on port 1
[02:03:25.822] [bmv2] [D] [thread 5129] [3.0] [cxt 0] Parser 'parser': start
[02:03:25.822] [bmv2] [D] [thread 5129] [3.0] [cxt 0] Parser 'parser' entering state 'start'
[02:03:25.822] [bmv2] [D] [thread 5129] [3.0] [cxt 0] Extracting header 'ethernet'
[02:03:25.822] [bmv2] [D] [thread 5129] [3.0] [cxt 0] Parser state 'start': key is 0800
[02:03:25.822] [bmv2] [T] [thread 5129] [3.0] [cxt 0] Bytes parsed: 14
[02:03:25.822] [bmv2] [D] [thread 5129] [3.0] [cxt 0] Parser 'parser' entering state 'ipv4'
[02:03:25.822] [bmv2] [D] [thread 5129] [3.0] [cxt 0] Extracting header 'ipv4'
[02:03:25.822] [bmv2] [D] [thread 5129] [3.0] [cxt 0] Parser state 'ipv4': key is 01
[02:03:25.822] [bmv2] [T] [thread 5129] [3.0] [cxt 0] Bytes parsed: 34
[02:03:25.822] [bmv2] [D] [thread 5129] [3.0] [cxt 0] Parser 'parser': end
[02:03:25.822] [bmv2] [D] [thread 5129] [3.0] [cxt 0] Pipeline 'ingress': start
[02:03:25.822] [bmv2] [T] [thread 5129] [3.0] [cxt 0] /home/p4/Intrusion-Detection-System/p4src/ids.p4(213) Condition "hdr.ipv4.isValid()" (node_2) is true
[02:03:25.826] [bmv2] [T] [thread 5129] [3.0] [cxt 0] Applying table 'tbl_ids214'
[02:03:25.826] [bmv2] [D] [thread 5129] [3.0] [cxt 0] Looking up key:

[02:03:25.826] [bmv2] [D] [thread 5129] [3.0] [cxt 0] Table 'tbl_ids214': miss
[02:03:25.826] [bmv2] [D] [thread 5129] [3.0] [cxt 0] Action entry is ids214 - 
[02:03:25.826] [bmv2] [T] [thread 5129] [3.0] [cxt 0] Action ids214
[02:03:25.826] [bmv2] [T] [thread 5129] [3.0] [cxt 0] /home/p4/Intrusion-Detection-System/p4src/ids.p4(214) Primitive bit<16> src_port = 0
[02:03:25.826] [bmv2] [T] [thread 5129] [3.0] [cxt 0] /home/p4/Intrusion-Detection-System/p4src/ids.p4(215) Primitive bit<16> dst_port = 0
[02:03:25.826] [bmv2] [T] [thread 5129] [3.0] [cxt 0] /home/p4/Intrusion-Detection-System/p4src/ids.p4(217) Condition "hdr.tcp.isValid()" (node_4) is false
[02:03:25.826] [bmv2] [T] [thread 5129] [3.0] [cxt 0] /home/p4/Intrusion-Detection-System/p4src/ids.p4(220) Condition "hdr.udp.isValid()" (node_6) is false
[02:03:25.826] [bmv2] [T] [thread 5129] [3.0] [cxt 0] Applying table 'tbl_compute_hashes'
[02:03:25.826] [bmv2] [D] [thread 5129] [3.0] [cxt 0] Looking up key:

[02:03:25.826] [bmv2] [D] [thread 5129] [3.0] [cxt 0] Table 'tbl_compute_hashes': miss
[02:03:25.826] [bmv2] [D] [thread 5129] [3.0] [cxt 0] Action entry is IDS_Ingress.compute_hashes - 
[02:03:25.826] [bmv2] [T] [thread 5129] [3.0] [cxt 0] Action IDS_Ingress.compute_hashes
[02:03:25.826] [bmv2] [T] [thread 5129] [3.0] [cxt 0] /home/p4/Intrusion-Detection-System/p4src/ids.p4(174) Primitive ipAddr1
[02:03:25.826] [bmv2] [T] [thread 5129] [3.0] [cxt 0] /home/p4/Intrusion-Detection-System/p4src/ids.p4(174) Primitive ipAddr2
[02:03:25.826] [bmv2] [T] [thread 5129] [3.0] [cxt 0] /home/p4/Intrusion-Detection-System/p4src/ids.p4(174) Primitive port1
[02:03:25.826] [bmv2] [T] [thread 5129] [3.0] [cxt 0] /home/p4/Intrusion-Detection-System/p4src/ids.p4(174) Primitive port2
[02:03:25.826] [bmv2] [T] [thread 5129] [3.0] [cxt 0] /home/p4/Intrusion-Detection-System/p4src/ids.p4(174) Primitive protocol
[02:03:25.826] [bmv2] [T] [thread 5129] [3.0] [cxt 0] /home/p4/Intrusion-Detection-System/p4src/ids.p4(173) Primitive hash(hashed_val, HashAlgorithm.crc32, (bit<16>)0, ...
[02:03:25.826] [bmv2] [T] [thread 5129] [3.0] [cxt 0] hash(base=0, max=4096) = 2881
[02:03:25.826] [bmv2] [T] [thread 5129] [3.0] [cxt 0] Applying table 'IDS_Ingress.flows'
[02:03:25.826] [bmv2] [D] [thread 5129] [3.0] [cxt 0] Looking up key:

[02:03:25.826] [bmv2] [D] [thread 5129] [3.0] [cxt 0] Table 'IDS_Ingress.flows': miss
[02:03:25.826] [bmv2] [D] [thread 5129] [3.0] [cxt 0] Action entry is IDS_Ingress.get_flow_status - 
[02:03:25.826] [bmv2] [T] [thread 5129] [3.0] [cxt 0] Action IDS_Ingress.get_flow_status
[02:03:25.826] [bmv2] [T] [thread 5129] [3.0] [cxt 0] /home/p4/Intrusion-Detection-System/p4src/ids.p4(169) Primitive blocked_flows.read(current_flow, hashed_val)
[02:03:25.826] [bmv2] [T] [thread 5129] [3.0] [cxt 0] Read register 'IDS_Ingress.blocked_flows' at index 2881 read value 0
[02:03:25.826] [bmv2] [T] [thread 5129] [3.0] [cxt 0] /home/p4/Intrusion-Detection-System/p4src/ids.p4(228) Condition "current_flow == 0" (node_10) is true
[02:03:25.826] [bmv2] [T] [thread 5129] [3.0] [cxt 0] Applying table 'IDS_Ingress.signatures'
[02:03:25.827] [bmv2] [D] [thread 5129] [3.0] [cxt 0] Looking up key:
* hdr.payload.data    : 00000000

[02:03:25.827] [bmv2] [D] [thread 5129] [3.0] [cxt 0] Table 'IDS_Ingress.signatures': miss
[02:03:25.827] [bmv2] [D] [thread 5129] [3.0] [cxt 0] Action entry is NoAction - 
[02:03:25.827] [bmv2] [T] [thread 5129] [3.0] [cxt 0] Action NoAction
[02:03:25.827] [bmv2] [T] [thread 5129] [3.0] [cxt 0] Applying table 'IDS_Ingress.ipv4_lpm'
[02:03:25.827] [bmv2] [D] [thread 5129] [3.0] [cxt 0] Looking up key:
* hdr.ipv4.dstAddr    : 0a000101

[02:03:25.827] [bmv2] [D] [thread 5129] [3.0] [cxt 0] Table 'IDS_Ingress.ipv4_lpm': hit with handle 1
[02:03:25.827] [bmv2] [D] [thread 5129] [3.0] [cxt 0] Dumping entry 1
Match key:
* hdr.ipv4.dstAddr    : LPM       0a000000/16
Action entry: IDS_Ingress.ipv4_forward - 10200,2,

[02:03:25.827] [bmv2] [D] [thread 5129] [3.0] [cxt 0] Action entry is IDS_Ingress.ipv4_forward - 10200,2,
[02:03:25.827] [bmv2] [T] [thread 5129] [3.0] [cxt 0] Action IDS_Ingress.ipv4_forward
[02:03:25.827] [bmv2] [T] [thread 5129] [3.0] [cxt 0] /home/p4/Intrusion-Detection-System/p4src/ids.p4(179) Primitive hdr.ethernet.srcAddr = hdr.ethernet.dstAddr
[02:03:25.827] [bmv2] [T] [thread 5129] [3.0] [cxt 0] /home/p4/Intrusion-Detection-System/p4src/ids.p4(180) Primitive hdr.ethernet.dstAddr = dstAddr
[02:03:25.827] [bmv2] [T] [thread 5129] [3.0] [cxt 0] /home/p4/Intrusion-Detection-System/p4src/ids.p4(181) Primitive standard_metadata.egress_spec = port
[02:03:25.827] [bmv2] [T] [thread 5129] [3.0] [cxt 0] /home/p4/Intrusion-Detection-System/p4src/ids.p4(182) Primitive hdr.ipv4.ttl = hdr.ipv4.ttl -1
[02:03:25.827] [bmv2] [D] [thread 5129] [3.0] [cxt 0] Pipeline 'ingress': end
[02:03:25.827] [bmv2] [D] [thread 5129] [3.0] [cxt 0] Egress port is 2
[02:03:25.875] [bmv2] [D] [thread 5132] [3.0] [cxt 0] Pipeline 'egress': start
[02:03:25.875] [bmv2] [D] [thread 5132] [3.0] [cxt 0] Pipeline 'egress': end
[02:03:25.875] [bmv2] [D] [thread 5132] [3.0] [cxt 0] Deparser 'deparser': start
[02:03:25.875] [bmv2] [D] [thread 5132] [3.0] [cxt 0] Updating checksum 'cksum'
[02:03:25.875] [bmv2] [D] [thread 5132] [3.0] [cxt 0] Deparsing header 'ethernet'
[02:03:25.875] [bmv2] [D] [thread 5132] [3.0] [cxt 0] Deparsing header 'ipv4'
[02:03:25.875] [bmv2] [D] [thread 5132] [3.0] [cxt 0] Deparser 'deparser': end
[02:03:25.885] [bmv2] [D] [thread 5134] [3.0] [cxt 0] Transmitting packet of size 74 out of port 2
open: No such file or directory
open: No such file or directory
open: No such file or directory
