Calling target program-options parser
[02:00:03.519] [bmv2] [D] [thread 5136] Set default default entry for table 'tbl_ids214': ids214 - 
[02:00:03.520] [bmv2] [D] [thread 5136] Set default default entry for table 'tbl_ids218': ids218 - 
[02:00:03.520] [bmv2] [D] [thread 5136] Set default default entry for table 'tbl_ids221': ids221 - 
[02:00:03.520] [bmv2] [D] [thread 5136] Set default default entry for table 'tbl_compute_hashes': IDS_Ingress.compute_hashes - 
[02:00:03.520] [bmv2] [D] [thread 5136] Set default default entry for table 'IDS_Ingress.flows': IDS_Ingress.get_flow_status - 
[02:00:03.520] [bmv2] [D] [thread 5136] Set default default entry for table 'IDS_Ingress.signatures': NoAction - 
[02:00:03.520] [bmv2] [D] [thread 5136] Set default default entry for table 'tbl_increment_counter': IDS_Ingress.increment_counter - 
[02:00:03.520] [bmv2] [D] [thread 5136] Set default default entry for table 'IDS_Ingress.ipv4_lpm': NoAction - 
[02:00:03.520] [bmv2] [D] [thread 5136] Set default default entry for table 'tbl_increment_counter_0': IDS_Ingress.increment_counter - 
Adding interface s3-eth1 as port 1
[02:00:03.522] [bmv2] [D] [thread 5136] Adding interface s3-eth1 as port 1
Adding interface s3-eth2 as port 2
[02:00:03.552] [bmv2] [D] [thread 5136] Adding interface s3-eth2 as port 2
Adding interface s3-eth3 as port 3
[02:00:03.576] [bmv2] [D] [thread 5136] Adding interface s3-eth3 as port 3
[02:00:03.602] [bmv2] [I] [thread 5136] Starting Thrift server on port 9092
[02:00:03.603] [bmv2] [I] [thread 5136] Thrift server was started
[02:00:03.831] [bmv2] [D] [thread 5142] [0.0] [cxt 0] Processing packet received on port 3
[02:00:03.831] [bmv2] [D] [thread 5142] [0.0] [cxt 0] Parser 'parser': start
[02:00:03.831] [bmv2] [D] [thread 5142] [0.0] [cxt 0] Parser 'parser' entering state 'start'
[02:00:03.831] [bmv2] [D] [thread 5142] [0.0] [cxt 0] Extracting header 'ethernet'
[02:00:03.831] [bmv2] [D] [thread 5142] [0.0] [cxt 0] Parser state 'start': key is 86dd
[02:00:03.831] [bmv2] [T] [thread 5142] [0.0] [cxt 0] Bytes parsed: 14
[02:00:03.831] [bmv2] [D] [thread 5142] [0.0] [cxt 0] Parser 'parser': end
[02:00:03.831] [bmv2] [D] [thread 5142] [0.0] [cxt 0] Pipeline 'ingress': start
[02:00:03.832] [bmv2] [T] [thread 5142] [0.0] [cxt 0] /home/p4/Intrusion-Detection-System/p4src/ids.p4(213) Condition "hdr.ipv4.isValid()" (node_2) is false
[02:00:03.832] [bmv2] [D] [thread 5142] [0.0] [cxt 0] Pipeline 'ingress': end
[02:00:03.832] [bmv2] [D] [thread 5142] [0.0] [cxt 0] Egress port is 0
[02:00:03.832] [bmv2] [D] [thread 5142] [1.0] [cxt 0] Processing packet received on port 3
[02:00:03.832] [bmv2] [D] [thread 5142] [1.0] [cxt 0] Parser 'parser': start
[02:00:03.832] [bmv2] [D] [thread 5142] [1.0] [cxt 0] Parser 'parser' entering state 'start'
[02:00:03.832] [bmv2] [D] [thread 5142] [1.0] [cxt 0] Extracting header 'ethernet'
[02:00:03.832] [bmv2] [D] [thread 5142] [1.0] [cxt 0] Parser state 'start': key is 86dd
[02:00:03.832] [bmv2] [T] [thread 5142] [1.0] [cxt 0] Bytes parsed: 14
[02:00:03.832] [bmv2] [D] [thread 5142] [1.0] [cxt 0] Parser 'parser': end
[02:00:03.832] [bmv2] [D] [thread 5142] [1.0] [cxt 0] Pipeline 'ingress': start
[02:00:03.833] [bmv2] [D] [thread 5143] [0.0] [cxt 0] Pipeline 'egress': start
[02:00:03.833] [bmv2] [D] [thread 5143] [0.0] [cxt 0] Pipeline 'egress': end
[02:00:03.833] [bmv2] [D] [thread 5143] [0.0] [cxt 0] Deparser 'deparser': start
[02:00:03.833] [bmv2] [T] [thread 5143] [0.0] [cxt 0] Skipping checksum 'cksum' update because condition not met
[02:00:03.833] [bmv2] [D] [thread 5143] [0.0] [cxt 0] Deparsing header 'ethernet'
[02:00:03.833] [bmv2] [D] [thread 5143] [0.0] [cxt 0] Deparser 'deparser': end
[02:00:03.833] [bmv2] [T] [thread 5142] [1.0] [cxt 0] /home/p4/Intrusion-Detection-System/p4src/ids.p4(213) Condition "hdr.ipv4.isValid()" (node_2) is false
[02:00:03.833] [bmv2] [D] [thread 5142] [1.0] [cxt 0] Pipeline 'ingress': end
[02:00:03.833] [bmv2] [D] [thread 5142] [1.0] [cxt 0] Egress port is 0
[02:00:03.833] [bmv2] [D] [thread 5143] [1.0] [cxt 0] Pipeline 'egress': start
[02:00:03.833] [bmv2] [D] [thread 5143] [1.0] [cxt 0] Pipeline 'egress': end
[02:00:03.833] [bmv2] [D] [thread 5147] [0.0] [cxt 0] Transmitting packet of size 90 out of port 0
[02:00:03.833] [bmv2] [D] [thread 5143] [1.0] [cxt 0] Deparser 'deparser': start
[02:00:03.833] [bmv2] [T] [thread 5143] [1.0] [cxt 0] Skipping checksum 'cksum' update because condition not met
[02:00:03.833] [bmv2] [D] [thread 5143] [1.0] [cxt 0] Deparsing header 'ethernet'
[02:00:03.834] [bmv2] [D] [thread 5143] [1.0] [cxt 0] Deparser 'deparser': end
[02:00:03.834] [bmv2] [D] [thread 5142] [2.0] [cxt 0] Processing packet received on port 3
[02:00:03.834] [bmv2] [D] [thread 5142] [2.0] [cxt 0] Parser 'parser': start
[02:00:03.834] [bmv2] [D] [thread 5142] [2.0] [cxt 0] Parser 'parser' entering state 'start'
[02:00:03.834] [bmv2] [D] [thread 5142] [2.0] [cxt 0] Extracting header 'ethernet'
[02:00:03.834] [bmv2] [D] [thread 5142] [2.0] [cxt 0] Parser state 'start': key is 86dd
[02:00:03.834] [bmv2] [T] [thread 5142] [2.0] [cxt 0] Bytes parsed: 14
[02:00:03.834] [bmv2] [D] [thread 5142] [2.0] [cxt 0] Parser 'parser': end
[02:00:03.834] [bmv2] [D] [thread 5142] [2.0] [cxt 0] Pipeline 'ingress': start
[02:00:03.834] [bmv2] [T] [thread 5142] [2.0] [cxt 0] /home/p4/Intrusion-Detection-System/p4src/ids.p4(213) Condition "hdr.ipv4.isValid()" (node_2) is false
[02:00:03.834] [bmv2] [D] [thread 5142] [2.0] [cxt 0] Pipeline 'ingress': end
[02:00:03.834] [bmv2] [D] [thread 5142] [2.0] [cxt 0] Egress port is 0
[02:00:03.834] [bmv2] [D] [thread 5147] [1.0] [cxt 0] Transmitting packet of size 70 out of port 0
[02:00:03.834] [bmv2] [D] [thread 5143] [2.0] [cxt 0] Pipeline 'egress': start
[02:00:03.834] [bmv2] [D] [thread 5143] [2.0] [cxt 0] Pipeline 'egress': end
[02:00:03.834] [bmv2] [D] [thread 5143] [2.0] [cxt 0] Deparser 'deparser': start
[02:00:03.834] [bmv2] [T] [thread 5143] [2.0] [cxt 0] Skipping checksum 'cksum' update because condition not met
[02:00:03.834] [bmv2] [D] [thread 5143] [2.0] [cxt 0] Deparsing header 'ethernet'
[02:00:03.834] [bmv2] [D] [thread 5143] [2.0] [cxt 0] Deparser 'deparser': end
[02:00:03.834] [bmv2] [D] [thread 5147] [2.0] [cxt 0] Transmitting packet of size 90 out of port 0
[02:00:04.505] [bmv2] [T] [thread 5223] bm_get_config
[02:00:04.507] [bmv2] [T] [thread 5223] bm_set_default_action
[02:00:04.507] [bmv2] [D] [thread 5223] Set default entry for table 'IDS_Ingress.ipv4_lpm': IDS_Ingress.drop - 
[02:00:04.509] [bmv2] [T] [thread 5223] bm_table_add_entry
[02:00:04.509] [bmv2] [D] [thread 5223] Entry 0 added to table 'IDS_Ingress.ipv4_lpm'
[02:00:04.509] [bmv2] [D] [thread 5223] Dumping entry 0
Match key:
* hdr.ipv4.dstAddr    : LPM       0a000303/32
Action entry: IDS_Ingress.ipv4_forward - a000303,1,

[02:00:04.510] [bmv2] [T] [thread 5223] bm_table_add_entry
[02:00:04.510] [bmv2] [D] [thread 5223] Entry 1 added to table 'IDS_Ingress.ipv4_lpm'
[02:00:04.510] [bmv2] [D] [thread 5223] Dumping entry 1
Match key:
* hdr.ipv4.dstAddr    : LPM       0a000304/32
Action entry: IDS_Ingress.ipv4_forward - a000304,2,

[02:00:04.511] [bmv2] [T] [thread 5223] bm_table_add_entry
[02:00:04.511] [bmv2] [D] [thread 5223] Entry 2 added to table 'IDS_Ingress.ipv4_lpm'
[02:00:04.511] [bmv2] [D] [thread 5223] Dumping entry 2
Match key:
* hdr.ipv4.dstAddr    : LPM       0a000000/16
Action entry: IDS_Ingress.ipv4_forward - 10300,3,

open: No such file or directory
open: No such file or directory
open: No such file or directory
open: No such file or directory
open: No such file or directory
